2022-07=25 16:58:44.418  INFO 71551 --- [restartedMain] com.mysite.sbb.SbbApplication            : Starting SbbApplication using Java 17.0.3 on ijuwon-ui-MacBookPro.local with PID 71551 (/Users/juwonlee/git/jerry_springboot_project/sbb/bin/main started by juwonlee in /Users/juwonlee/git/jerry_springboot_project/sbb)
2022-07=25 16:58:44.422  INFO 71551 --- [restartedMain] com.mysite.sbb.SbbApplication            : The following 1 profile is active: "oauth"
2022-07=25 16:58:44.626  INFO 71551 --- [restartedMain] .e.DevToolsPropertyDefaultsPostProcessor : Devtools property defaults active! Set 'spring.devtools.add-properties' to 'false' to disable
2022-07=25 16:58:44.626  INFO 71551 --- [restartedMain] .e.DevToolsPropertyDefaultsPostProcessor : For additional web related logging consider setting the 'logging.level.web' property to 'DEBUG'
2022-07=25 16:58:45.237  INFO 71551 --- [restartedMain] .s.d.r.c.RepositoryConfigurationDelegate : Bootstrapping Spring Data JPA repositories in DEFAULT mode.
2022-07=25 16:58:45.290  INFO 71551 --- [restartedMain] .s.d.r.c.RepositoryConfigurationDelegate : Finished Spring Data repository scanning in 44 ms. Found 5 JPA repository interfaces.
2022-07=25 16:58:45.916  INFO 71551 --- [restartedMain] o.s.b.w.embedded.tomcat.TomcatWebServer  : Tomcat initialized with port(s): 8080 (http)
2022-07=25 16:58:45.925  INFO 71551 --- [restartedMain] o.apache.catalina.core.StandardService   : Starting service [Tomcat]
2022-07=25 16:58:45.926  INFO 71551 --- [restartedMain] org.apache.catalina.core.StandardEngine  : Starting Servlet engine: [Apache Tomcat/9.0.64]
2022-07=25 16:58:45.984  INFO 71551 --- [restartedMain] o.a.c.c.C.[Tomcat].[localhost].[/]       : Initializing Spring embedded WebApplicationContext
2022-07=25 16:58:45.984  INFO 71551 --- [restartedMain] w.s.c.ServletWebServerApplicationContext : Root WebApplicationContext: initialization completed in 1357 ms
2022-07=25 16:58:46.009  INFO 71551 --- [restartedMain] com.zaxxer.hikari.HikariDataSource       : HikariPool-1 - Starting...
2022-07=25 16:58:46.296  INFO 71551 --- [restartedMain] com.zaxxer.hikari.HikariDataSource       : HikariPool-1 - Start completed.
2022-07=25 16:58:46.306  INFO 71551 --- [restartedMain] o.s.b.a.h2.H2ConsoleAutoConfiguration    : H2 console available at '/h2-console'. Database available at 'jdbc:h2:~/local'
2022-07=25 16:58:46.433  INFO 71551 --- [restartedMain] o.hibernate.jpa.internal.util.LogHelper  : HHH000204: Processing PersistenceUnitInfo [name: default]
2022-07=25 16:58:46.490  INFO 71551 --- [restartedMain] org.hibernate.Version                    : HHH000412: Hibernate ORM core version 5.6.9.Final
2022-07=25 16:58:46.690  INFO 71551 --- [restartedMain] o.hibernate.annotations.common.Version   : HCANN000001: Hibernate Commons Annotations {5.1.2.Final}
2022-07=25 16:58:46.800  INFO 71551 --- [restartedMain] org.hibernate.dialect.Dialect            : HHH000400: Using dialect: org.hibernate.dialect.H2Dialect
2022-07=25 16:58:47.442  INFO 71551 --- [restartedMain] o.h.e.t.j.p.i.JtaPlatformInitiator       : HHH000490: Using JtaPlatform implementation: [org.hibernate.engine.transaction.jta.platform.internal.NoJtaPlatform]
2022-07=25 16:58:47.449  INFO 71551 --- [restartedMain] j.LocalContainerEntityManagerFactoryBean : Initialized JPA EntityManagerFactory for persistence unit 'default'
2022-07=25 16:58:48.048  WARN 71551 --- [restartedMain] JpaBaseConfiguration$JpaWebConfiguration : spring.jpa.open-in-view is enabled by default. Therefore, database queries may be performed during view rendering. Explicitly configure spring.jpa.open-in-view to disable this warning
2022-07=25 16:58:48.318  INFO 71551 --- [restartedMain] o.s.s.web.DefaultSecurityFilterChain     : Will secure any request with [org.springframework.security.web.session.DisableEncodeUrlFilter@1da50fa5, org.springframework.security.web.context.request.async.WebAsyncManagerIntegrationFilter@4337e117, org.springframework.security.web.context.SecurityContextPersistenceFilter@33277228, org.springframework.security.web.header.HeaderWriterFilter@5b6619e1, org.springframework.security.web.csrf.CsrfFilter@4c6a4d94, org.springframework.security.web.authentication.logout.LogoutFilter@33036c4c, org.springframework.security.oauth2.client.web.OAuth2AuthorizationRequestRedirectFilter@13530cc2, org.springframework.security.oauth2.client.web.OAuth2LoginAuthenticationFilter@60e781b4, org.springframework.security.web.authentication.UsernamePasswordAuthenticationFilter@7a10bcf3, org.springframework.security.web.authentication.ui.DefaultLoginPageGeneratingFilter@1b676c9d, org.springframework.security.web.authentication.ui.DefaultLogoutPageGeneratingFilter@67f971aa, org.springframework.security.web.savedrequest.RequestCacheAwareFilter@949a901, org.springframework.security.web.servletapi.SecurityContextHolderAwareRequestFilter@3efea064, org.springframework.security.web.authentication.AnonymousAuthenticationFilter@29ea12fc, org.springframework.security.web.session.SessionManagementFilter@4a26931a, org.springframework.security.web.access.ExceptionTranslationFilter@4f418875, org.springframework.security.web.access.intercept.AuthorizationFilter@3c1f17fd]
2022-07=25 16:58:48.893  INFO 71551 --- [restartedMain] o.s.b.d.a.OptionalLiveReloadServer       : LiveReload server is running on port 35729
2022-07=25 16:58:48.927  INFO 71551 --- [restartedMain] o.s.b.w.embedded.tomcat.TomcatWebServer  : Tomcat started on port(s): 8080 (http) with context path ''
2022-07=25 16:58:48.936  INFO 71551 --- [restartedMain] com.mysite.sbb.SbbApplication            : Started SbbApplication in 4.883 seconds (JVM running for 5.595)
2022-07=25 16:59:00.059  INFO 71551 --- [http-nio-8080-exec-1] o.a.c.c.C.[Tomcat].[localhost].[/]       : Initializing Spring DispatcherServlet 'dispatcherServlet'
2022-07=25 16:59:00.059  INFO 71551 --- [http-nio-8080-exec-1] o.s.web.servlet.DispatcherServlet        : Initializing Servlet 'dispatcherServlet'
2022-07=25 16:59:00.061  INFO 71551 --- [http-nio-8080-exec-1] o.s.web.servlet.DispatcherServlet        : Completed initialization in 1 ms
2022-07=25 18:17:46.060  INFO 71551 --- [RMI TCP Connection(87)-127.0.0.1] inMXBeanRegistrar$SpringApplicationAdmin : Application shutdown requested.
2022-07=25 18:17:46.082  INFO 71551 --- [RMI TCP Connection(87)-127.0.0.1] j.LocalContainerEntityManagerFactoryBean : Closing JPA EntityManagerFactory for persistence unit 'default'
2022-07=25 18:17:46.088  INFO 71551 --- [RMI TCP Connection(87)-127.0.0.1] com.zaxxer.hikari.HikariDataSource       : HikariPool-1 - Shutdown initiated...
2022-07=25 18:17:46.091  INFO 71551 --- [RMI TCP Connection(87)-127.0.0.1] com.zaxxer.hikari.HikariDataSource       : HikariPool-1 - Shutdown completed.
