2022-07=10 11:31:31.025  INFO 8510 --- [restartedMain] com.mysite.sbb.SbbApplication            : Starting SbbApplication using Java 17.0.3 on ijuwon-ui-MacBookPro.local with PID 8510 (/Users/juwonlee/git/jerry_springboot_project/sbb/bin/main started by juwonlee in /Users/juwonlee/git/jerry_springboot_project/sbb)
2022-07=10 11:31:31.029  INFO 8510 --- [restartedMain] com.mysite.sbb.SbbApplication            : No active profile set, falling back to 1 default profile: "default"
2022-07=10 11:31:31.282  INFO 8510 --- [restartedMain] .e.DevToolsPropertyDefaultsPostProcessor : Devtools property defaults active! Set 'spring.devtools.add-properties' to 'false' to disable
2022-07=10 11:31:31.283  INFO 8510 --- [restartedMain] .e.DevToolsPropertyDefaultsPostProcessor : For additional web related logging consider setting the 'logging.level.web' property to 'DEBUG'
2022-07=10 11:31:31.916  INFO 8510 --- [restartedMain] .s.d.r.c.RepositoryConfigurationDelegate : Bootstrapping Spring Data JPA repositories in DEFAULT mode.
2022-07=10 11:31:31.969  INFO 8510 --- [restartedMain] .s.d.r.c.RepositoryConfigurationDelegate : Finished Spring Data repository scanning in 42 ms. Found 5 JPA repository interfaces.
2022-07=10 11:31:32.614  INFO 8510 --- [restartedMain] o.s.b.w.embedded.tomcat.TomcatWebServer  : Tomcat initialized with port(s): 8080 (http)
2022-07=10 11:31:32.623  INFO 8510 --- [restartedMain] o.apache.catalina.core.StandardService   : Starting service [Tomcat]
2022-07=10 11:31:32.623  INFO 8510 --- [restartedMain] org.apache.catalina.core.StandardEngine  : Starting Servlet engine: [Apache Tomcat/9.0.64]
2022-07=10 11:31:32.685  INFO 8510 --- [restartedMain] o.a.c.c.C.[Tomcat].[localhost].[/]       : Initializing Spring embedded WebApplicationContext
2022-07=10 11:31:32.686  INFO 8510 --- [restartedMain] w.s.c.ServletWebServerApplicationContext : Root WebApplicationContext: initialization completed in 1403 ms
2022-07=10 11:31:32.713  INFO 8510 --- [restartedMain] com.zaxxer.hikari.HikariDataSource       : HikariPool-1 - Starting...
2022-07=10 11:31:32.981  INFO 8510 --- [restartedMain] com.zaxxer.hikari.HikariDataSource       : HikariPool-1 - Start completed.
2022-07=10 11:31:32.991  INFO 8510 --- [restartedMain] o.s.b.a.h2.H2ConsoleAutoConfiguration    : H2 console available at '/h2-console'. Database available at 'jdbc:h2:~/local'
2022-07=10 11:31:33.103  INFO 8510 --- [restartedMain] o.hibernate.jpa.internal.util.LogHelper  : HHH000204: Processing PersistenceUnitInfo [name: default]
2022-07=10 11:31:33.155  INFO 8510 --- [restartedMain] org.hibernate.Version                    : HHH000412: Hibernate ORM core version 5.6.9.Final
2022-07=10 11:31:33.325  INFO 8510 --- [restartedMain] o.hibernate.annotations.common.Version   : HCANN000001: Hibernate Commons Annotations {5.1.2.Final}
2022-07=10 11:31:33.442  INFO 8510 --- [restartedMain] org.hibernate.dialect.Dialect            : HHH000400: Using dialect: org.hibernate.dialect.H2Dialect
2022-07=10 11:31:34.058  INFO 8510 --- [restartedMain] o.h.e.t.j.p.i.JtaPlatformInitiator       : HHH000490: Using JtaPlatform implementation: [org.hibernate.engine.transaction.jta.platform.internal.NoJtaPlatform]
2022-07=10 11:31:34.065  INFO 8510 --- [restartedMain] j.LocalContainerEntityManagerFactoryBean : Initialized JPA EntityManagerFactory for persistence unit 'default'
2022-07=10 11:31:34.384  WARN 8510 --- [restartedMain] JpaBaseConfiguration$JpaWebConfiguration : spring.jpa.open-in-view is enabled by default. Therefore, database queries may be performed during view rendering. Explicitly configure spring.jpa.open-in-view to disable this warning
2022-07=10 11:31:34.831  INFO 8510 --- [restartedMain] o.s.s.web.DefaultSecurityFilterChain     : Will secure any request with [org.springframework.security.web.session.DisableEncodeUrlFilter@177995c5, org.springframework.security.web.context.request.async.WebAsyncManagerIntegrationFilter@16ef61ad, org.springframework.security.web.context.SecurityContextPersistenceFilter@314b53a4, org.springframework.security.web.header.HeaderWriterFilter@7cb32114, org.springframework.security.web.csrf.CsrfFilter@57f2f83, org.springframework.security.web.authentication.logout.LogoutFilter@40279d70, org.springframework.security.web.authentication.UsernamePasswordAuthenticationFilter@5cab3ebf, org.springframework.security.web.savedrequest.RequestCacheAwareFilter@6c1747c5, org.springframework.security.web.servletapi.SecurityContextHolderAwareRequestFilter@a53e79b, org.springframework.security.web.authentication.AnonymousAuthenticationFilter@73240ddf, org.springframework.security.web.session.SessionManagementFilter@214b994b, org.springframework.security.web.access.ExceptionTranslationFilter@47f14f8e, org.springframework.security.web.access.intercept.AuthorizationFilter@7007e7b5]
2022-07=10 11:31:35.373  INFO 8510 --- [restartedMain] o.s.b.d.a.OptionalLiveReloadServer       : LiveReload server is running on port 35729
2022-07=10 11:31:35.408  INFO 8510 --- [restartedMain] o.s.b.w.embedded.tomcat.TomcatWebServer  : Tomcat started on port(s): 8080 (http) with context path ''
2022-07=10 11:31:35.418  INFO 8510 --- [restartedMain] com.mysite.sbb.SbbApplication            : Started SbbApplication in 4.746 seconds (JVM running for 5.596)
2022-07=10 11:31:41.165  INFO 8510 --- [http-nio-8080-exec-1] o.a.c.c.C.[Tomcat].[localhost].[/]       : Initializing Spring DispatcherServlet 'dispatcherServlet'
2022-07=10 11:31:41.165  INFO 8510 --- [http-nio-8080-exec-1] o.s.web.servlet.DispatcherServlet        : Initializing Servlet 'dispatcherServlet'
2022-07=10 11:31:41.166  INFO 8510 --- [http-nio-8080-exec-1] o.s.web.servlet.DispatcherServlet        : Completed initialization in 0 ms
2022-07=10 11:38:45.225  INFO 8510 --- [RMI TCP Connection(14)-127.0.0.1] inMXBeanRegistrar$SpringApplicationAdmin : Application shutdown requested.
2022-07=10 11:38:45.244  INFO 8510 --- [RMI TCP Connection(14)-127.0.0.1] j.LocalContainerEntityManagerFactoryBean : Closing JPA EntityManagerFactory for persistence unit 'default'
2022-07=10 11:38:45.246  INFO 8510 --- [RMI TCP Connection(14)-127.0.0.1] com.zaxxer.hikari.HikariDataSource       : HikariPool-1 - Shutdown initiated...
2022-07=10 11:38:45.248  INFO 8510 --- [RMI TCP Connection(14)-127.0.0.1] com.zaxxer.hikari.HikariDataSource       : HikariPool-1 - Shutdown completed.
